0 info it worked if it ends with ok
1 verbose cli [ 'node', '/usr/local/bin/npm', 'start' ]
2 info using npm@3.9.5
3 info using node@v0.10.40
4 verbose run-script [ 'prestart', 'start', 'poststart' ]
5 info lifecycle cssams-backend@0.0.0~prestart: cssams-backend@0.0.0
6 silly lifecycle cssams-backend@0.0.0~prestart: no script for prestart, continuing
7 info lifecycle cssams-backend@0.0.0~start: cssams-backend@0.0.0
8 verbose lifecycle cssams-backend@0.0.0~start: unsafe-perm in lifecycle true
9 verbose lifecycle cssams-backend@0.0.0~start: PATH: /usr/local/lib/node_modules/npm/bin/node-gyp-bin:/Users/diantang/prog/cssams-backend/node_modules/.bin:/usr/local/bin:/opt/local/bin:/opt/local/sbin:/Users/diantang/.rbenv/shims:/Users/diantang/.rvm/gems/ruby-2.2.3/bin:/Users/diantang/.rvm/gems/ruby-2.2.3@global/bin:/Users/diantang/.rvm/rubies/ruby-2.2.3/bin:/usr/local/bin:/Library/Java/JavaVirtualMachines/jdk1.8.0_45.jdk/Contents/Home/bin:/Users/diantang/.nvm/versions/node/v5.9.1/bin:/usr/local/sbin:/usr/local/bin:/usr/local/sbin:/usr/local/sbin:/Users/diantang/Library/mongodb/bin:/usr/local/bin:/usr/bin:/bin:/usr/sbin:/sbin:/usr/local/git/bin:/Library/TeX/texbin:/Applications/Android Studio.app/sdk/platform-tools:/Applications/Android Studio.app/sdk/tools:/Users/diantang/.rvm/bin:/Users/diantang/.rvm/bin
10 verbose lifecycle cssams-backend@0.0.0~start: CWD: /Users/diantang/prog/cssams-backend
11 silly lifecycle cssams-backend@0.0.0~start: Args: [ '-c', 'node ./bin/www' ]
12 silly lifecycle cssams-backend@0.0.0~start: Returned: code: 8  signal: null
13 info lifecycle cssams-backend@0.0.0~start: Failed to exec start script
14 verbose stack Error: cssams-backend@0.0.0 start: `node ./bin/www`
14 verbose stack Exit status 8
14 verbose stack     at EventEmitter.<anonymous> (/usr/local/lib/node_modules/npm/lib/utils/lifecycle.js:245:16)
14 verbose stack     at EventEmitter.emit (events.js:98:17)
14 verbose stack     at ChildProcess.<anonymous> (/usr/local/lib/node_modules/npm/lib/utils/spawn.js:24:14)
14 verbose stack     at ChildProcess.emit (events.js:98:17)
14 verbose stack     at maybeClose (child_process.js:766:16)
14 verbose stack     at Process.ChildProcess._handle.onexit (child_process.js:833:5)
15 verbose pkgid cssams-backend@0.0.0
16 verbose cwd /Users/diantang/prog/cssams-backend
17 error Darwin 16.0.0
18 error argv "node" "/usr/local/bin/npm" "start"
19 error node v0.10.40
20 error npm  v3.9.5
21 error code ELIFECYCLE
22 error cssams-backend@0.0.0 start: `node ./bin/www`
22 error Exit status 8
23 error Failed at the cssams-backend@0.0.0 start script 'node ./bin/www'.
23 error Make sure you have the latest version of node.js and npm installed.
23 error If you do, this is most likely a problem with the cssams-backend package,
23 error not with npm itself.
23 error Tell the author that this fails on your system:
23 error     node ./bin/www
23 error You can get information on how to open an issue for this project with:
23 error     npm bugs cssams-backend
23 error Or if that isn't available, you can get their info via:
23 error     npm owner ls cssams-backend
23 error There is likely additional logging output above.
24 verbose exit [ 1, true ]
